<?xml version="1.0" encoding="UTF-8"?>
<testsuite xmlns:xsi="http://www.w3.org/2001/XMLSchema-instance" xsi:noNamespaceSchemaLocation="https://maven.apache.org/surefire/maven-surefire-plugin/xsd/surefire-test-report-3.0.xsd" version="3.0" name="simuladorRpg.CharacterTest" time="0.042" tests="5" errors="0" skipped="0" failures="0">
  <properties>
[...]
</properties>
  <testcase name="shouldDie" classname="simuladorRpg.CharacterTest" time="0.013">
    <system-out><![CDATA[O ROGUE foi derrotado!
]]></system-out>
  </testcase>
  <testcase name="shouldDecreaseLifeWhenArcherAttacksWarrior" classname="simuladorRpg.CharacterTest" time="0.003">
    <system-out><![CDATA[O WARRIOR recebeu 10 de dano. Vida restante: 90
]]></system-out>
  </testcase>
  <testcase name="shouldNotDie" classname="simuladorRpg.CharacterTest" time="0.002">
    <system-out><![CDATA[O WIZARD recebeu 50 de dano. Vida restante: 50
]]></system-out>
  </testcase>
  <testcase name="shouldDecreaseLifeWhenAttackIsStronger" classname="simuladorRpg.CharacterTest" time="0.002">
    <system-out><![CDATA[O WARRIOR recebeu 10 de dano. Vida restante: 90
]]></system-out>
  </testcase>
  <testcase name="shouldTakeDamage" classname="simuladorRpg.CharacterTest" time="0.002">
    <system-out><![CDATA[O WIZARD recebeu 30 de dano. Vida restante: 70
]]></system-out>
  </testcase>
</testsuite>